<?xml version="1.0" encoding="UTF-8"?>
<!-- Generated by org.testng.reporters.JUnitXMLReporter -->
<testsuite hostname="DESKTOP-PB44JCV" ignored="0" name="TestRunner_chrome" tests="2" failures="0" timestamp="2021-09-15T13:01:18 IST" time="28.734" errors="0">
  <testcase name="SelectApproved" time="11.642" classname="com.crm.PurchaseOrderApproved.TC_01_SelectApproved"/>
  <testcase name="createOrgWithType" time="0.0" classname="com.crm.PurchaseOrderApproved.TC_01_SelectApproved"/>
</testsuite> <!-- TestRunner_chrome -->
